# JRE version: OpenJDK Runtime Environment (8.0_202-b03) (build 1.8.0_202-release-1483-b03)
# Java VM: OpenJDK 64-Bit Server VM (25.202-b03 mixed mode windows-amd64 compressed oops)
Heap:
 PSYoungGen      total 144896K, used 52075K [0x00000000f5580000, 0x0000000100000000, 0x0000000100000000)
  eden space 124416K, 25% used [0x00000000f5580000,0x00000000f745e780,0x00000000fcf00000)
  from space 20480K, 99% used [0x00000000fec00000,0x00000000ffffc4d0,0x0000000100000000)
  to   space 25088K, 0% used [0x00000000fcf00000,0x00000000fcf00000,0x00000000fe780000)
 ParOldGen       total 184832K, used 42673K [0x00000000e0000000, 0x00000000eb480000, 0x00000000f5580000)
  object space 184832K, 23% used [0x00000000e0000000,0x00000000e29ac6f0,0x00000000eb480000)
 Metaspace       used 70399K, capacity 74248K, committed 74712K, reserved 1114112K
  class space    used 9461K, capacity 10375K, committed 10496K, reserved 1048576K
GC Heap History (10 events):
Event: 17.288 GC heap before
{Heap before GC invocations=11 (full 2):
 PSYoungGen      total 160768K, used 158223K [0x00000000f5580000, 0x0000000100000000, 0x0000000100000000)
  eden space 147968K, 100% used [0x00000000f5580000,0x00000000fe600000,0x00000000fe600000)
  from space 12800K, 80% used [0x00000000ff380000,0x00000000ffd83c20,0x0000000100000000)
  to   space 13312K, 0% used [0x00000000fe600000,0x00000000fe600000,0x00000000ff300000)
 ParOldGen       total 175104K, used 16292K [0x00000000e0000000, 0x00000000eab00000, 0x00000000f5580000)
  object space 175104K, 9% used [0x00000000e0000000,0x00000000e0fe9130,0x00000000eab00000)
 Metaspace       used 51440K, capacity 53446K, committed 53760K, reserved 1095680K
  class space    used 6871K, capacity 7362K, committed 7424K, reserved 1048576K
Event: 17.321 GC heap after
Heap after GC invocations=11 (full 2):
 PSYoungGen      total 161280K, used 13306K [0x00000000f5580000, 0x0000000100000000, 0x0000000100000000)
  eden space 147968K, 0% used [0x00000000f5580000,0x00000000f5580000,0x00000000fe600000)
  from space 13312K, 99% used [0x00000000fe600000,0x00000000ff2fea60,0x00000000ff300000)
  to   space 13312K, 0% used [0x00000000ff300000,0x00000000ff300000,0x0000000100000000)
 ParOldGen       total 175104K, used 25156K [0x00000000e0000000, 0x00000000eab00000, 0x00000000f5580000)
  object space 175104K, 14% used [0x00000000e0000000,0x00000000e1891040,0x00000000eab00000)
 Metaspace       used 51440K, capacity 53446K, committed 53760K, reserved 1095680K
  class space    used 6871K, capacity 7362K, committed 7424K, reserved 1048576K
}
Event: 25.655 GC heap before
{Heap before GC invocations=12 (full 2):
 PSYoungGen      total 161280K, used 76484K [0x00000000f5580000, 0x0000000100000000, 0x0000000100000000)
  eden space 147968K, 42% used [0x00000000f5580000,0x00000000f9332870,0x00000000fe600000)
  from space 13312K, 99% used [0x00000000fe600000,0x00000000ff2fea60,0x00000000ff300000)
  to   space 13312K, 0% used [0x00000000ff300000,0x00000000ff300000,0x0000000100000000)
 ParOldGen       total 175104K, used 25156K [0x00000000e0000000, 0x00000000eab00000, 0x00000000f5580000)
  object space 175104K, 14% used [0x00000000e0000000,0x00000000e1891040,0x00000000eab00000)
 Metaspace       used 56693K, capacity 59030K, committed 59096K, reserved 1099776K
  class space    used 7624K, capacity 8187K, committed 8192K, reserved 1048576K
Event: 25.677 GC heap after
Heap after GC invocations=12 (full 2):
 PSYoungGen      total 146944K, used 13300K [0x00000000f5580000, 0x0000000100000000, 0x0000000100000000)
  eden space 133632K, 0% used [0x00000000f5580000,0x00000000f5580000,0x00000000fd800000)
  from space 13312K, 99% used [0x00000000ff300000,0x00000000ffffd000,0x0000000100000000)
  to   space 20480K, 0% used [0x00000000fd800000,0x00000000fd800000,0x00000000fec00000)
 ParOldGen       total 175104K, used 31287K [0x00000000e0000000, 0x00000000eab00000, 0x00000000f5580000)
  object space 175104K, 17% used [0x00000000e0000000,0x00000000e1e8deb0,0x00000000eab00000)
 Metaspace       used 56693K, capacity 59030K, committed 59096K, reserved 1099776K
  class space    used 7624K, capacity 8187K, committed 8192K, reserved 1048576K
}
Event: 25.677 GC heap before
{Heap before GC invocations=13 (full 3):
 PSYoungGen      total 146944K, used 13300K [0x00000000f5580000, 0x0000000100000000, 0x0000000100000000)
  eden space 133632K, 0% used [0x00000000f5580000,0x00000000f5580000,0x00000000fd800000)
  from space 13312K, 99% used [0x00000000ff300000,0x00000000ffffd000,0x0000000100000000)
  to   space 20480K, 0% used [0x00000000fd800000,0x00000000fd800000,0x00000000fec00000)
 ParOldGen       total 175104K, used 31287K [0x00000000e0000000, 0x00000000eab00000, 0x00000000f5580000)
  object space 175104K, 17% used [0x00000000e0000000,0x00000000e1e8deb0,0x00000000eab00000)
 Metaspace       used 56693K, capacity 59030K, committed 59096K, reserved 1099776K
  class space    used 7624K, capacity 8187K, committed 8192K, reserved 1048576K
Event: 25.920 GC heap after
Heap after GC invocations=13 (full 3):
 PSYoungGen      total 146944K, used 0K [0x00000000f5580000, 0x0000000100000000, 0x0000000100000000)
  eden space 133632K, 0% used [0x00000000f5580000,0x00000000f5580000,0x00000000fd800000)
  from space 13312K, 0% used [0x00000000ff300000,0x00000000ff300000,0x0000000100000000)
  to   space 20480K, 0% used [0x00000000fd800000,0x00000000fd800000,0x00000000fec00000)
 ParOldGen       total 184832K, used 35890K [0x00000000e0000000, 0x00000000eb480000, 0x00000000f5580000)
  object space 184832K, 19% used [0x00000000e0000000,0x00000000e230cbd8,0x00000000eb480000)
 Metaspace       used 56684K, capacity 59000K, committed 59096K, reserved 1099776K
  class space    used 7621K, capacity 8182K, committed 8192K, reserved 1048576K
}
Event: 30.532 GC heap before
{Heap before GC invocations=14 (full 3):
 PSYoungGen      total 146944K, used 133632K [0x00000000f5580000, 0x0000000100000000, 0x0000000100000000)
  eden space 133632K, 100% used [0x00000000f5580000,0x00000000fd800000,0x00000000fd800000)
  from space 13312K, 0% used [0x00000000ff300000,0x00000000ff300000,0x0000000100000000)
  to   space 20480K, 0% used [0x00000000fd800000,0x00000000fd800000,0x00000000fec00000)
 ParOldGen       total 184832K, used 35890K [0x00000000e0000000, 0x00000000eb480000, 0x00000000f5580000)
  object space 184832K, 19% used [0x00000000e0000000,0x00000000e230cbd8,0x00000000eb480000)
 Metaspace       used 62605K, capacity 65270K, committed 65496K, reserved 1105920K
  class space    used 8474K, capacity 9098K, committed 9216K, reserved 1048576K
Event: 30.545 GC heap after
Heap after GC invocations=14 (full 3):
 PSYoungGen      total 154112K, used 13306K [0x00000000f5580000, 0x0000000100000000, 0x0000000100000000)
  eden space 133632K, 0% used [0x00000000f5580000,0x00000000f5580000,0x00000000fd800000)
  from space 20480K, 64% used [0x00000000fd800000,0x00000000fe4fe838,0x00000000fec00000)
  to   space 20480K, 0% used [0x00000000fec00000,0x00000000fec00000,0x0000000100000000)
 ParOldGen       total 184832K, used 35962K [0x00000000e0000000, 0x00000000eb480000, 0x00000000f5580000)
  object space 184832K, 19% used [0x00000000e0000000,0x00000000e231ebe8,0x00000000eb480000)
 Metaspace       used 62605K, capacity 65270K, committed 65496K, reserved 1105920K
  class space    used 8474K, capacity 9098K, committed 9216K, reserved 1048576K
}
Event: 34.808 GC heap before
{Heap before GC invocations=15 (full 3):
 PSYoungGen      total 154112K, used 146938K [0x00000000f5580000, 0x0000000100000000, 0x0000000100000000)
  eden space 133632K, 100% used [0x00000000f5580000,0x00000000fd800000,0x00000000fd800000)
  from space 20480K, 64% used [0x00000000fd800000,0x00000000fe4fe838,0x00000000fec00000)
  to   space 20480K, 0% used [0x00000000fec00000,0x00000000fec00000,0x0000000100000000)
 ParOldGen       total 184832K, used 35962K [0x00000000e0000000, 0x00000000eb480000, 0x00000000f5580000)
  object space 184832K, 19% used [0x00000000e0000000,0x00000000e231ebe8,0x00000000eb480000)
 Metaspace       used 68136K, capacity 71930K, committed 72152K, reserved 1112064K
  class space    used 9253K, capacity 10142K, committed 10240K, reserved 1048576K
Event: 34.863 GC heap after
Heap after GC invocations=15 (full 3):
 PSYoungGen      total 144896K, used 20465K [0x00000000f5580000, 0x0000000100000000, 0x0000000100000000)
  eden space 124416K, 0% used [0x00000000f5580000,0x00000000f5580000,0x00000000fcf00000)
  from space 20480K, 99% used [0x00000000fec00000,0x00000000ffffc4d0,0x0000000100000000)
  to   space 25088K, 0% used [0x00000000fcf00000,0x00000000fcf00000,0x00000000fe780000)
 ParOldGen       total 184832K, used 42673K [0x00000000e0000000, 0x00000000eb480000, 0x00000000f5580000)
  object space 184832K, 23% used [0x00000000e0000000,0x00000000e29ac6f0,0x00000000eb480000)
 Metaspace       used 68136K, capacity 71930K, committed 72152K, reserved 1112064K
  class space    used 9253K, capacity 10142K, committed 10240K, reserved 1048576K
}

